2017-01-11 17:59:18 Error: [PDOException] SQLSTATE[HY000] [1045] Access denied for user 'my_app'@'localhost' (using password: YES)
Stack Trace:
#0 C:\xampp\htdocs\ProjectManager\vendor\cakephp\cakephp\src\Database\Driver\PDODriverTrait.php(47): PDO->__construct('mysql:host=loca...', 'my_app', 'secret', Array)
#1 C:\xampp\htdocs\ProjectManager\vendor\cakephp\cakephp\src\Database\Driver\Mysql.php(104): Cake\Database\Driver\Mysql->_connect('mysql:host=loca...', Array)
#2 C:\xampp\htdocs\ProjectManager\vendor\cakephp\cakephp\src\Database\Schema\BaseSchema.php(45): Cake\Database\Driver\Mysql->connect()
#3 C:\xampp\htdocs\ProjectManager\vendor\cakephp\cakephp\src\Database\Dialect\MysqlDialectTrait.php(63): Cake\Database\Schema\BaseSchema->__construct(Object(Cake\Database\Driver\Mysql))
#4 C:\xampp\htdocs\ProjectManager\vendor\cakephp\cakephp\src\Database\Schema\Collection.php(52): Cake\Database\Driver\Mysql->schemaDialect()
#5 C:\xampp\htdocs\ProjectManager\vendor\cakephp\cakephp\src\Database\Schema\CachedCollection.php(42): Cake\Database\Schema\Collection->__construct(Object(Cake\Database\Connection))
#6 C:\xampp\htdocs\ProjectManager\vendor\cakephp\cakephp\src\Database\Connection.php(322): Cake\Database\Schema\CachedCollection->__construct(Object(Cake\Database\Connection), true)
#7 C:\xampp\htdocs\ProjectManager\vendor\cakephp\bake\src\Shell\Task\ModelTask.php(946): Cake\Database\Connection->schemaCollection()
#8 C:\xampp\htdocs\ProjectManager\vendor\cakephp\bake\src\Shell\Task\ModelTask.php(898): Bake\Shell\Task\ModelTask->_getAllTables()
#9 C:\xampp\htdocs\ProjectManager\vendor\cakephp\bake\src\Shell\Task\ModelTask.php(202): Bake\Shell\Task\ModelTask->listAll()
#10 C:\xampp\htdocs\ProjectManager\vendor\cakephp\bake\src\Shell\Task\ModelTask.php(127): Bake\Shell\Task\ModelTask->getAssociations(Object(Cake\ORM\Table))
#11 C:\xampp\htdocs\ProjectManager\vendor\cakephp\bake\src\Shell\Task\ModelTask.php(110): Bake\Shell\Task\ModelTask->getTableContext(Object(Cake\ORM\Table), 'users', 'Users')
#12 C:\xampp\htdocs\ProjectManager\vendor\cakephp\bake\src\Shell\Task\ModelTask.php(97): Bake\Shell\Task\ModelTask->bake('Users')
#13 C:\xampp\htdocs\ProjectManager\vendor\cakephp\bake\src\Shell\BakeShell.php(257): Bake\Shell\Task\ModelTask->main('Users')
#14 C:\xampp\htdocs\ProjectManager\vendor\cakephp\cakephp\src\Collection\CollectionTrait.php(52): Bake\Shell\BakeShell->Bake\Shell\{closure}('Users', 0)
#15 C:\xampp\htdocs\ProjectManager\vendor\cakephp\bake\src\Shell\BakeShell.php(260): Cake\Collection\Collection->each(Object(Closure))
#16 [internal function]: Bake\Shell\BakeShell->all('users')
#17 C:\xampp\htdocs\ProjectManager\vendor\cakephp\cakephp\src\Console\Shell.php(459): call_user_func_array(Array, Array)
#18 C:\xampp\htdocs\ProjectManager\vendor\cakephp\cakephp\src\Console\ShellDispatcher.php(227): Cake\Console\Shell->runCommand(Array, true, Array)
#19 C:\xampp\htdocs\ProjectManager\vendor\cakephp\cakephp\src\Console\ShellDispatcher.php(182): Cake\Console\ShellDispatcher->_dispatch(Array)
#20 C:\xampp\htdocs\ProjectManager\vendor\cakephp\cakephp\src\Console\ShellDispatcher.php(128): Cake\Console\ShellDispatcher->dispatch(Array)
#21 C:\xampp\htdocs\ProjectManager\bin\cake.php(34): Cake\Console\ShellDispatcher::run(Array)
#22 {main}


